SF:lib\design_sys\colors.dart
DA:4,0
LF:1
LH:0
end_of_record
SF:lib\shared\models\transaction.dart
DA:20,1
DA:33,2
DA:34,2
DA:36,0
DA:47,0
DA:52,0
DA:53,0
DA:61,0
DA:62,0
DA:64,0
DA:65,0
DA:67,0
DA:68,0
DA:70,0
DA:71,0
DA:72,0
DA:73,0
DA:74,0
DA:75,0
DA:76,0
DA:77,0
DA:78,0
DA:80,0
DA:81,0
DA:87,0
DA:88,0
DA:89,0
DA:91,0
DA:97,0
DA:102,0
DA:104,0
DA:105,0
DA:106,0
DA:108,0
DA:109,0
DA:112,0
DA:117,1
DA:128,1
DA:129,1
DA:130,0
DA:131,1
DA:132,2
DA:133,1
DA:134,1
DA:135,1
DA:136,1
DA:137,1
DA:138,1
LF:48
LH:14
end_of_record
SF:lib\shared\models\category.dart
DA:12,1
DA:20,1
DA:21,1
DA:23,4
DA:24,3
DA:25,4
DA:26,4
DA:31,1
DA:32,2
DA:34,1
DA:35,2
DA:37,1
DA:39,2
DA:43,0
DA:49,0
DA:50,0
DA:51,0
DA:52,0
DA:53,0
DA:54,0
LF:20
LH:13
end_of_record
SF:lib\shared\utils\select_by_date.dart
DA:4,2
DA:5,2
DA:6,2
DA:8,2
DA:9,4
DA:11,3
DA:12,6
DA:13,3
DA:14,6
DA:15,4
DA:16,2
DA:17,2
DA:18,2
DA:19,0
DA:22,4
DA:25,1
DA:26,4
DA:28,2
DA:29,1
DA:32,3
DA:35,1
DA:36,1
DA:37,1
DA:39,2
DA:40,6
DA:42,2
DA:43,1
DA:46,3
LF:28
LH:27
end_of_record
SF:lib\services\category_repository.dart
DA:19,1
DA:20,2
DA:21,1
DA:22,2
DA:23,1
DA:26,1
DA:29,3
DA:35,1
DA:38,3
DA:44,0
DA:47,0
DA:53,1
DA:55,1
DA:57,2
DA:58,1
DA:59,2
DA:60,1
DA:61,3
DA:66,0
DA:70,0
DA:73,0
DA:74,0
DA:75,0
DA:76,0
DA:77,0
DA:78,0
DA:79,0
DA:80,0
DA:81,0
DA:82,0
DA:89,0
DA:92,0
DA:93,0
DA:94,0
DA:95,0
DA:96,0
DA:97,0
LF:37
LH:16
end_of_record
SF:lib\app.dart
DA:7,0
DA:8,0
DA:10,0
DA:11,0
DA:12,0
DA:14,0
DA:15,0
DA:16,0
DA:17,0
DA:18,0
DA:19,0
DA:20,0
DA:21,0
DA:22,0
DA:23,0
LF:15
LH:0
end_of_record
SF:lib\design_sys\themes.dart
DA:6,0
DA:8,0
DA:9,0
DA:24,0
DA:25,0
DA:26,0
DA:35,0
DA:36,0
DA:42,0
DA:43,0
DA:44,0
DA:45,0
DA:48,0
DA:53,0
DA:54,0
DA:55,0
DA:58,0
DA:64,0
DA:65,0
DA:66,0
DA:67,0
DA:70,0
DA:76,0
DA:77,0
DA:78,0
DA:79,0
DA:82,0
DA:103,0
DA:104,0
DA:123,0
DA:124,0
DA:125,0
DA:126,0
DA:133,0
DA:134,0
DA:144,0
DA:145,0
DA:150,0
DA:151,0
DA:152,0
DA:153,0
DA:156,0
DA:161,0
DA:162,0
DA:163,0
DA:166,0
DA:172,0
DA:173,0
DA:174,0
DA:175,0
DA:178,0
DA:184,0
DA:185,0
DA:186,0
DA:187,0
DA:190,0
DA:216,0
DA:218,0
LF:58
LH:0
end_of_record
SF:lib\design_sys\sizes.dart
DA:2,0
LF:1
LH:0
end_of_record
SF:lib\features\account\account_controller.dart
DA:12,0
DA:18,0
DA:21,0
DA:22,0
DA:23,0
DA:24,0
DA:25,0
DA:27,0
DA:28,0
DA:29,0
DA:30,0
DA:31,0
DA:32,0
DA:35,0
DA:39,0
DA:40,0
DA:42,0
DA:43,0
DA:45,0
DA:49,0
DA:50,0
DA:52,0
DA:53,0
DA:54,0
DA:55,0
DA:56,0
DA:59,0
DA:60,0
DA:61,0
DA:62,0
DA:64,0
DA:65,0
DA:67,0
DA:68,0
DA:72,0
DA:75,0
DA:80,0
DA:81,0
DA:83,0
DA:84,0
DA:86,0
DA:87,0
DA:88,0
DA:89,0
DA:92,0
DA:93,0
DA:97,0
DA:100,0
DA:105,0
DA:107,0
DA:108,0
DA:109,0
DA:111,0
LF:53
LH:0
end_of_record
SF:lib\features\account\account_states.dart
DA:8,0
DA:14,0
LF:2
LH:0
end_of_record
SF:lib\features\account\account_page.dart
DA:12,14
DA:14,0
DA:15,0
DA:19,0
DA:21,0
DA:22,0
DA:23,0
DA:24,0
DA:27,0
DA:29,0
DA:30,0
DA:31,0
DA:32,0
DA:34,0
DA:36,0
DA:37,0
DA:38,0
DA:42,0
DA:43,0
DA:45,0
DA:47,0
DA:49,0
DA:50,0
DA:51,0
DA:52,0
DA:53,0
DA:55,0
DA:59,0
DA:61,0
DA:63,0
DA:68,0
DA:69,0
DA:70,0
DA:71,0
DA:77,0
DA:78,0
DA:79,0
DA:80,0
DA:82,0
DA:83,0
DA:84,0
DA:87,0
DA:89,0
DA:91,0
DA:92,0
DA:93,0
DA:95,0
DA:96,0
DA:97,0
DA:98,0
DA:100,0
DA:107,0
DA:108,0
DA:109,0
DA:110,0
LF:55
LH:1
end_of_record
SF:lib\features\account\widget\editable_info.dart
DA:4,0
DA:13,0
DA:15,0
DA:16,0
DA:17,0
DA:18,0
DA:20,0
DA:22,0
DA:25,0
DA:26,0
DA:27,0
DA:28,0
DA:32,0
DA:33,0
DA:42,0
DA:43,0
DA:45,0
DA:46,0
DA:47,0
DA:48,0
DA:49,0
DA:50,0
DA:51,0
DA:52,0
DA:53,0
DA:54,0
DA:55,0
DA:56,0
DA:57,0
LF:29
LH:0
end_of_record
SF:lib\features\account\widget\editable_password.dart
DA:4,0
DA:13,0
DA:15,0
DA:16,0
DA:17,0
DA:19,0
DA:21,0
DA:26,0
DA:27,0
DA:29,0
DA:30,0
DA:31,0
DA:33,0
DA:35,0
DA:40,0
DA:41,0
DA:48,0
DA:49,0
DA:50,0
DA:51,0
DA:52,0
DA:53,0
DA:54,0
DA:66,0
DA:67,0
DA:68,0
LF:26
LH:0
end_of_record
SF:lib\features\login\login_controller.dart
DA:10,0
DA:12,0
DA:13,0
DA:15,0
DA:16,0
DA:17,0
DA:19,0
DA:20,0
DA:21,0
DA:22,0
DA:23,0
DA:24,0
DA:26,0
DA:27,0
DA:29,0
DA:30,0
DA:33,0
DA:36,0
DA:41,0
DA:42,0
DA:44,0
DA:46,0
DA:47,0
DA:48,0
DA:49,0
DA:52,0
DA:53,0
DA:54,0
DA:55,0
DA:56,0
DA:58,0
DA:60,0
DA:61,0
DA:64,0
DA:68,0
DA:70,0
DA:71,0
DA:73,0
DA:74,0
DA:75,0
DA:76,0
DA:78,0
DA:79,0
DA:81,0
DA:82,0
DA:83,0
DA:86,0
DA:90,0
LF:48
LH:0
end_of_record
SF:lib\features\login\login_states.dart
DA:12,0
LF:1
LH:0
end_of_record
SF:lib\features\login\login_page.dart
DA:11,14
DA:13,0
DA:14,0
DA:24,0
DA:26,0
DA:28,0
DA:29,0
DA:32,0
DA:33,0
DA:35,0
DA:36,0
DA:37,0
DA:38,0
DA:39,0
DA:40,0
DA:41,0
DA:42,0
DA:43,0
DA:44,0
DA:45,0
DA:49,0
DA:50,0
DA:53,0
DA:55,0
DA:59,0
DA:60,0
DA:61,0
DA:67,0
DA:73,0
DA:74,0
DA:75,0
DA:76,0
DA:77,0
DA:83,0
DA:84,0
DA:86,0
DA:87,0
DA:88,0
DA:89,0
DA:97,0
DA:99,0
DA:101,0
DA:102,0
DA:103,0
DA:104,0
DA:105,0
DA:107,0
DA:113,0
DA:115,0
DA:118,0
DA:119,0
DA:120,0
DA:121,0
DA:122,0
DA:123,0
DA:131,0
DA:133,0
DA:134,0
DA:135,0
DA:140,0
DA:142,0
DA:143,0
DA:144,0
LF:63
LH:1
end_of_record
SF:lib\shared\widgets\logo_app.dart
DA:6,28
DA:8,0
DA:10,0
LF:3
LH:1
end_of_record
SF:lib\shared\widgets\social_auth_button.dart
DA:7,0
DA:17,0
DA:19,0
DA:20,0
DA:22,0
DA:29,0
DA:31,0
DA:32,0
DA:34,0
DA:37,0
LF:10
LH:0
end_of_record
SF:lib\features\my_categories\category_edit_page.dart
DA:16,14
DA:18,0
DA:19,0
DA:37,0
DA:39,0
DA:41,0
DA:42,0
DA:43,0
DA:44,0
DA:47,0
DA:48,0
DA:49,0
DA:50,0
DA:51,0
DA:53,0
DA:54,0
DA:55,0
DA:57,0
DA:58,0
DA:59,0
DA:60,0
DA:61,0
DA:63,0
DA:65,0
DA:70,0
DA:71,0
DA:72,0
DA:73,0
DA:75,0
DA:77,0
DA:78,0
DA:80,0
DA:87,0
DA:88,0
DA:89,0
DA:91,0
DA:94,0
DA:96,0
DA:97,0
DA:98,0
DA:99,0
DA:100,0
DA:101,0
DA:102,0
DA:106,0
DA:107,0
DA:108,0
DA:109,0
DA:112,0
DA:115,0
DA:116,0
DA:118,0
DA:120,0
DA:121,0
DA:122,0
DA:123,0
DA:124,0
DA:125,0
DA:126,0
DA:127,0
DA:136,0
DA:137,0
LF:62
LH:1
end_of_record
SF:lib\features\my_categories\my_categories_controller.dart
DA:9,0
DA:10,0
DA:12,0
DA:13,0
DA:14,0
DA:19,0
DA:20,0
DA:22,0
DA:23,0
DA:25,0
DA:29,0
DA:36,0
DA:37,0
DA:39,0
DA:47,0
DA:48,0
DA:50,0
DA:51,0
DA:53,0
DA:54,0
DA:56,0
DA:60,0
DA:61,0
DA:63,0
DA:64,0
DA:65,0
DA:67,0
LF:27
LH:0
end_of_record
SF:lib\features\my_categories\my_categories_states.dart
DA:10,0
DA:16,0
DA:26,0
LF:3
LH:0
end_of_record
SF:lib\features\my_categories\widgets\category_toggle_button.dart
DA:8,0
DA:15,0
DA:16,0
DA:20,0
DA:23,0
DA:24,0
DA:25,0
DA:26,0
DA:31,0
DA:32,0
DA:33,0
LF:11
LH:0
end_of_record
SF:lib\features\my_categories\widgets\color_picker.dart
DA:7,0
DA:11,0
DA:13,0
DA:18,0
DA:19,0
DA:20,0
DA:28,0
DA:29,0
DA:30,0
DA:31,0
DA:32,0
DA:34,0
LF:12
LH:0
end_of_record
SF:lib\features\my_categories\widgets\icon_picker.dart
DA:7,0
DA:11,0
DA:13,0
DA:18,0
DA:19,0
DA:20,0
DA:26,0
DA:27,0
DA:28,0
DA:29,0
DA:30,0
DA:32,0
DA:33,0
LF:13
LH:0
end_of_record
SF:lib\features\my_categories\my_categories_page.dart
DA:15,14
DA:17,0
DA:18,0
DA:22,0
DA:24,0
DA:25,0
DA:26,0
DA:27,0
DA:30,0
DA:31,0
DA:33,0
DA:34,0
DA:35,0
DA:36,0
DA:37,0
DA:43,0
DA:45,0
DA:46,0
DA:47,0
DA:49,0
DA:52,0
DA:53,0
DA:54,0
DA:55,0
DA:56,0
DA:57,0
DA:58,0
DA:60,0
DA:61,0
DA:62,0
DA:64,0
DA:66,0
DA:67,0
DA:70,0
DA:78,0
DA:79,0
DA:80,0
DA:82,0
DA:83,0
DA:84,0
DA:85,0
DA:86,0
DA:87,0
DA:90,0
DA:91,0
DA:92,0
DA:93,0
DA:101,0
DA:116,0
DA:117,0
DA:119,0
DA:120,0
DA:121,0
DA:122,0
DA:123,0
DA:127,0
LF:56
LH:1
end_of_record
SF:lib\shared\views\error_view.dart
DA:6,0
DA:10,0
DA:12,0
DA:13,0
DA:15,0
DA:16,0
DA:17,0
DA:21,0
LF:8
LH:0
end_of_record
SF:lib\shared\views\loading_view.dart
DA:8,42
DA:10,0
DA:12,0
DA:14,0
DA:15,0
DA:17,0
DA:18,0
DA:20,0
LF:8
LH:1
end_of_record
SF:lib\features\new_entry\new_entry_content.dart
DA:15,0
DA:19,0
DA:20,0
DA:36,0
DA:38,0
DA:40,0
DA:42,0
DA:43,0
DA:44,0
DA:45,0
DA:46,0
DA:47,0
DA:48,0
DA:49,0
DA:50,0
DA:51,0
DA:52,0
DA:53,0
DA:54,0
DA:56,0
DA:57,0
DA:59,0
DA:60,0
DA:64,0
DA:65,0
DA:66,0
DA:68,0
DA:69,0
DA:71,0
DA:72,0
DA:73,0
DA:74,0
DA:75,0
DA:76,0
DA:78,0
DA:79,0
DA:80,0
DA:86,0
DA:87,0
DA:88,0
DA:89,0
DA:91,0
DA:92,0
DA:93,0
DA:94,0
DA:95,0
DA:98,0
DA:100,0
DA:102,0
DA:104,0
DA:105,0
DA:109,0
DA:110,0
DA:111,0
DA:112,0
DA:113,0
DA:116,0
DA:117,0
DA:122,0
DA:123,0
DA:124,0
DA:125,0
DA:130,0
DA:132,0
DA:133,0
DA:135,0
DA:136,0
DA:138,0
DA:140,0
DA:141,0
DA:142,0
DA:144,0
DA:145,0
DA:146,0
DA:147,0
DA:148,0
DA:149,0
DA:150,0
DA:151,0
DA:152,0
DA:153,0
DA:163,0
DA:164,0
LF:83
LH:0
end_of_record
SF:lib\features\page_view\widgets\top_bar_toggle_button.dart
DA:6,0
DA:12,0
DA:19,0
DA:23,0
DA:31,0
DA:35,0
DA:43,0
DA:45,0
DA:46,0
DA:47,0
DA:49,0
DA:50,0
DA:51,0
DA:53,0
DA:55,0
DA:58,0
DA:59,0
DA:60,0
LF:18
LH:0
end_of_record
SF:lib\features\new_entry\new_entry_controller.dart
DA:11,0
DA:12,0
DA:14,0
DA:25,0
DA:26,0
DA:29,0
DA:30,0
DA:31,0
DA:32,0
DA:34,0
DA:36,0
DA:37,0
DA:38,0
DA:39,0
DA:41,0
DA:43,0
DA:47,0
DA:49,0
DA:50,0
DA:51,0
DA:57,0
DA:61,0
DA:63,0
DA:65,0
DA:67,0
DA:68,0
DA:76,0
DA:77,0
DA:78,0
DA:80,0
DA:81,0
DA:85,0
DA:86,0
DA:87,0
DA:88,0
DA:89,0
DA:90,0
DA:91,0
DA:94,0
DA:95,0
DA:96,0
DA:97,0
DA:98,0
DA:99,0
LF:44
LH:0
end_of_record
SF:lib\features\new_entry\new_entry_states.dart
DA:13,0
DA:30,0
DA:43,0
LF:3
LH:0
end_of_record
SF:lib\features\new_entry\widgets\parts_form_field.dart
DA:10,0
DA:19,0
DA:21,0
DA:22,0
DA:23,0
DA:25,0
DA:26,0
DA:28,0
DA:29,0
DA:30,0
DA:31,0
DA:32,0
DA:33,0
DA:34,0
DA:35,0
DA:36,0
DA:40,0
DA:41,0
DA:42,0
DA:43,0
DA:45,0
DA:46,0
DA:47,0
DA:48,0
DA:53,0
DA:54,0
DA:55,0
DA:57,0
DA:58,0
DA:59,0
LF:30
LH:0
end_of_record
SF:lib\services\transaction_repository.dart
DA:22,0
DA:25,0
DA:26,0
DA:27,0
DA:28,0
DA:29,0
DA:31,0
DA:32,0
DA:33,0
DA:38,0
DA:39,0
DA:40,0
DA:41,0
DA:42,0
DA:43,0
DA:44,0
DA:46,0
DA:47,0
DA:49,0
DA:56,0
DA:59,0
DA:65,0
DA:68,0
DA:69,0
DA:70,0
DA:72,0
DA:74,0
DA:77,0
DA:80,0
DA:81,0
DA:82,0
DA:83,0
DA:85,0
DA:86,0
DA:87,0
DA:92,0
DA:93,0
DA:94,0
DA:95,0
DA:98,0
DA:99,0
DA:100,0
DA:108,0
DA:114,0
DA:115,0
DA:117,0
DA:119,0
DA:121,0
DA:122,0
DA:124,0
DA:126,0
DA:130,0
DA:131,0
DA:132,0
DA:133,0
DA:136,0
DA:138,0
DA:145,0
DA:147,0
DA:150,0
DA:151,0
DA:153,0
DA:154,0
DA:155,0
DA:156,0
DA:157,0
DA:158,0
DA:163,0
DA:164,0
DA:166,0
DA:167,0
DA:168,0
DA:171,0
DA:173,0
DA:174,0
DA:175,0
DA:177,0
DA:178,0
DA:181,0
DA:182,0
DA:184,0
DA:187,0
DA:188,0
DA:189,0
DA:191,0
DA:192,0
DA:193,0
DA:196,0
DA:198,0
DA:199,0
DA:200,0
DA:202,0
DA:207,0
DA:208,0
DA:213,0
DA:214,0
LF:96
LH:0
end_of_record
SF:lib\features\new_entry\new_entry_page.dart
DA:11,14
DA:13,0
DA:15,0
DA:17,0
DA:19,0
DA:20,0
DA:21,0
DA:22,0
DA:24,0
DA:25,0
DA:26,0
DA:32,0
DA:33,0
DA:38,0
DA:39,0
DA:42,0
DA:43,0
DA:44,0
LF:18
LH:1
end_of_record
SF:lib\features\new_entry\widgets\category_form_field.dart
DA:9,0
DA:16,0
DA:18,0
DA:19,0
DA:20,0
DA:21,0
DA:22,0
DA:23,0
DA:24,0
DA:25,0
DA:26,0
DA:27,0
DA:28,0
DA:32,0
DA:33,0
DA:35,0
DA:37,0
DA:38,0
DA:39,0
LF:19
LH:0
end_of_record
SF:lib\features\new_entry\widgets\currency_form_field.dart
DA:10,0
DA:19,0
DA:21,0
DA:22,0
DA:23,0
DA:26,0
DA:27,0
DA:28,0
DA:30,0
DA:32,0
DA:33,0
DA:34,0
DA:37,0
DA:38,0
DA:39,0
DA:40,0
DA:41,0
DA:45,0
DA:46,0
DA:47,0
DA:49,0
DA:50,0
DA:51,0
DA:54,0
DA:55,0
DA:67,0
DA:70,0
DA:74,0
DA:76,0
DA:78,0
DA:80,0
DA:82,0
LF:32
LH:0
end_of_record
SF:lib\features\new_entry\widgets\date_picker_form_field.dart
DA:9,0
DA:18,0
DA:19,0
DA:23,0
DA:25,0
DA:26,0
DA:27,0
DA:28,0
DA:32,0
DA:34,0
DA:35,0
DA:36,0
DA:37,0
DA:38,0
DA:39,0
DA:41,0
DA:43,0
DA:44,0
DA:45,0
DA:46,0
DA:49,0
DA:50,0
DA:52,0
DA:53,0
DA:54,0
DA:58,0
DA:59,0
LF:27
LH:0
end_of_record
SF:lib\features\new_entry\widgets\description_form_field.dart
DA:8,0
DA:15,0
DA:17,0
DA:18,0
DA:19,0
DA:20,0
DA:21,0
DA:22,0
DA:23,0
DA:25,0
DA:28,0
LF:11
LH:0
end_of_record
SF:lib\features\new_entry\widgets\fulfilled_form_field.dart
DA:9,0
DA:16,0
DA:18,0
DA:19,0
DA:20,0
DA:21,0
DA:22,0
DA:23,0
DA:25,0
DA:27,0
DA:28,0
DA:31,0
DA:32,0
LF:13
LH:0
end_of_record
SF:lib\features\new_entry\widgets\payment_form_field.dart
DA:11,0
DA:18,0
DA:19,0
DA:25,0
DA:27,0
DA:28,0
DA:31,0
DA:33,0
DA:34,0
DA:35,0
DA:36,0
DA:37,0
DA:38,0
DA:39,0
DA:41,0
DA:45,0
DA:47,0
DA:48,0
DA:49,0
DA:55,0
DA:57,0
DA:58,0
LF:22
LH:0
end_of_record
SF:lib\features\page_view\app_page_view.dart
DA:19,14
DA:21,0
DA:22,0
DA:28,0
DA:30,0
DA:31,0
DA:32,0
DA:33,0
DA:34,0
DA:35,0
DA:38,0
DA:39,0
DA:40,0
DA:41,0
DA:42,0
DA:44,0
DA:47,0
DA:48,0
DA:50,0
DA:62,0
DA:63,0
DA:64,0
DA:65,0
DA:67,0
DA:75,0
LF:25
LH:1
end_of_record
SF:lib\features\page_view\home\home_content_page.dart
DA:14,14
DA:16,0
DA:19,0
DA:20,0
DA:21,0
DA:22,0
DA:23,0
DA:24,0
DA:26,0
DA:28,0
DA:31,0
DA:32,0
DA:33,0
DA:34,0
DA:38,0
DA:40,0
DA:41,0
DA:42,0
DA:44,0
DA:46,0
DA:48,0
LF:21
LH:1
end_of_record
SF:lib\features\page_view\profile\profile_page.dart
DA:9,14
DA:11,0
DA:12,0
DA:18,0
DA:20,0
DA:21,0
DA:22,0
DA:23,0
DA:24,0
DA:25,0
DA:28,0
DA:29,0
DA:32,0
DA:33,0
DA:34,0
DA:35,0
DA:36,0
DA:40,0
DA:41,0
DA:49,0
DA:50,0
DA:54,0
DA:55,0
DA:64,0
DA:65,0
DA:66,0
DA:68,0
DA:70,0
DA:71,0
DA:73,0
DA:74,0
DA:75,0
DA:78,0
DA:80,0
DA:82,0
DA:87,0
DA:88,0
DA:89,0
DA:90,0
DA:91,0
DA:93,0
DA:98,0
DA:99,0
DA:102,0
DA:103,0
DA:104,0
DA:105,0
LF:47
LH:1
end_of_record
SF:lib\features\page_view\statement\statement_page.dart
DA:15,14
DA:17,0
DA:19,0
DA:20,0
DA:21,0
DA:22,0
DA:23,0
DA:24,0
DA:25,0
DA:27,0
DA:28,0
DA:29,0
DA:30,0
DA:31,0
DA:36,0
DA:37,0
DA:39,0
DA:40,0
DA:41,0
DA:42,0
DA:43,0
DA:44,0
DA:45,0
DA:46,0
DA:47,0
DA:49,0
DA:50,0
DA:51,0
DA:52,0
DA:56,0
DA:57,0
DA:60,0
DA:62,0
DA:63,0
DA:64,0
DA:65,0
DA:66,0
DA:67,0
DA:68,0
LF:39
LH:1
end_of_record
SF:lib\features\page_view\statistics\statistics_page.dart
DA:16,14
DA:18,0
DA:20,0
DA:21,0
DA:22,0
DA:23,0
DA:25,0
DA:26,0
DA:27,0
DA:29,0
DA:30,0
DA:31,0
DA:32,0
DA:33,0
DA:38,0
DA:39,0
DA:41,0
DA:42,0
DA:43,0
DA:45,0
DA:48,0
DA:49,0
DA:52,0
DA:53,0
DA:54,0
DA:55,0
DA:56,0
DA:58,0
DA:60,0
DA:63,0
DA:64,0
DA:65,0
DA:67,0
DA:69,0
DA:71,0
DA:73,0
LF:36
LH:1
end_of_record
SF:lib\features\page_view\data_controller.dart
DA:9,0
DA:12,0
DA:13,0
DA:19,0
DA:20,0
DA:22,0
DA:23,0
DA:25,0
DA:28,0
DA:32,0
DA:33,0
DA:35,0
DA:37,0
DA:38,0
DA:40,0
DA:45,0
DA:46,0
DA:48,0
DA:50,0
DA:51,0
DA:52,0
DA:54,0
LF:22
LH:0
end_of_record
SF:lib\features\page_view\data_states.dart
DA:13,0
DA:19,0
LF:2
LH:0
end_of_record
SF:lib\features\page_view\widgets\bottom_bar.dart
DA:8,0
DA:15,0
DA:17,0
DA:19,0
DA:20,0
DA:22,0
DA:46,0
DA:47,0
DA:48,0
DA:49,0
LF:10
LH:0
end_of_record
SF:lib\shared\utils\end_of_month.dart
DA:2,1
DA:5,3
DA:6,1
DA:8,1
DA:11,1
DA:12,1
DA:13,3
LF:7
LH:7
end_of_record
SF:lib\features\page_view\home\home_controller.dart
DA:9,3
DA:10,1
DA:16,1
DA:17,1
DA:18,1
DA:19,0
DA:20,0
DA:21,0
DA:26,2
DA:27,2
DA:29,0
DA:32,1
DA:39,1
DA:40,4
DA:42,1
DA:43,0
DA:44,0
DA:45,0
DA:47,0
DA:49,0
DA:50,0
DA:51,0
DA:53,0
DA:56,0
DA:57,0
DA:58,0
DA:60,0
DA:65,1
DA:66,1
LF:29
LH:13
end_of_record
SF:lib\features\page_view\home\widgets\pending_card.dart
DA:10,14
DA:20,0
DA:28,0
DA:36,0
DA:38,0
DA:39,0
DA:41,0
DA:42,0
DA:43,0
DA:44,0
DA:46,0
DA:48,0
DA:49,0
DA:50,0
DA:51,0
DA:52,0
DA:53,0
DA:54,0
DA:55,0
DA:57,0
DA:58,0
DA:59,0
DA:62,0
DA:64,0
DA:69,0
DA:71,0
DA:73,0
DA:75,0
DA:77,0
LF:29
LH:1
end_of_record
SF:lib\features\page_view\home\widgets\transactions_summary.dart
DA:10,14
DA:12,0
DA:14,0
DA:15,0
DA:16,0
DA:17,0
DA:18,0
DA:20,0
DA:22,0
DA:23,0
DA:25,0
DA:26,0
DA:29,0
DA:30,0
DA:31,0
DA:32,0
DA:35,0
DA:36,0
DA:44,0
DA:47,0
DA:48,0
DA:49,0
DA:51,0
LF:23
LH:1
end_of_record
SF:lib\features\page_view\home\widgets\resume_info_widget.dart
DA:12,14
DA:14,0
DA:15,0
DA:19,0
DA:21,0
DA:22,0
DA:23,0
DA:25,0
DA:26,0
DA:27,0
DA:28,0
DA:29,0
DA:30,0
DA:31,0
DA:32,0
DA:34,0
DA:35,0
DA:37,0
DA:38,0
DA:39,0
DA:40,0
DA:41,0
DA:42,0
DA:43,0
DA:44,0
DA:45,0
DA:51,0
DA:52,0
DA:53,0
DA:54,0
DA:59,0
DA:60,0
DA:61,0
DA:62,0
DA:64,0
DA:65,0
DA:67,0
DA:68,0
DA:69,0
DA:70,0
DA:72,0
DA:74,0
DA:75,0
DA:77,0
DA:78,0
DA:79,0
DA:81,0
DA:83,0
DA:84,0
DA:85,0
DA:86,0
DA:87,0
DA:88,0
DA:89,0
DA:93,0
DA:95,0
DA:97,0
DA:99,0
DA:100,0
DA:101,0
DA:102,0
DA:104,0
DA:110,0
DA:112,0
DA:114,0
DA:115,0
DA:116,0
DA:117,0
DA:118,0
DA:119,0
DA:120,0
DA:121,0
DA:123,0
DA:131,0
DA:132,0
DA:134,0
DA:135,0
DA:139,0
DA:141,0
DA:144,0
DA:148,0
LF:81
LH:1
end_of_record
SF:lib\features\page_view\home\home_states.dart
DA:12,1
DA:20,0
DA:21,0
DA:22,0
DA:23,0
DA:24,0
DA:25,0
DA:26,0
DA:27,0
DA:28,0
DA:29,0
LF:11
LH:1
end_of_record
SF:lib\features\page_view\home\widgets\total_tile.dart
DA:8,0
DA:19,0
DA:21,0
DA:22,0
DA:23,0
DA:25,0
DA:26,0
DA:28,0
DA:31,0
DA:32,0
DA:34,0
DA:36,0
DA:37,0
DA:38,0
DA:39,0
DA:40,0
DA:44,0
DA:45,0
DA:46,0
DA:47,0
DA:48,0
DA:49,0
DA:50,0
DA:52,0
DA:56,0
DA:58,0
DA:60,0
DA:62,0
DA:63,0
DA:64,0
DA:65,0
DA:66,0
LF:32
LH:0
end_of_record
SF:lib\features\page_view\widgets\transaction_tile.dart
DA:9,0
DA:14,0
DA:20,0
DA:21,0
DA:23,0
DA:31,0
DA:32,0
DA:34,0
DA:43,0
DA:45,0
DA:46,0
DA:47,0
DA:48,0
DA:49,0
DA:51,0
DA:52,0
DA:53,0
DA:54,0
DA:57,0
DA:58,0
DA:59,0
DA:60,0
DA:61,0
DA:67,0
DA:68,0
DA:70,0
DA:71,0
DA:72,0
DA:73,0
DA:74,0
DA:75,0
DA:76,0
DA:78,0
DA:79,0
LF:34
LH:0
end_of_record
SF:lib\features\page_view\profile\profile_controller.dart
DA:7,0
DA:8,0
DA:11,0
DA:12,0
DA:14,0
DA:15,0
DA:18,0
DA:22,0
DA:23,0
DA:25,0
DA:26,0
DA:27,0
DA:29,0
LF:13
LH:0
end_of_record
SF:lib\features\page_view\profile\profile_states.dart
DA:10,0
DA:16,0
LF:2
LH:0
end_of_record
SF:lib\features\page_view\statement\statement_controller.dart
DA:8,1
DA:9,2
DA:14,1
DA:15,2
DA:17,3
DA:19,3
DA:21,0
DA:22,0
DA:23,0
DA:25,2
DA:28,1
DA:29,1
DA:31,2
DA:33,3
DA:36,0
DA:37,0
DA:38,0
DA:39,0
DA:40,0
DA:43,0
DA:44,0
DA:45,0
DA:46,0
DA:47,0
LF:24
LH:11
end_of_record
SF:lib\features\page_view\statement\statement_states.dart
DA:7,0
DA:16,1
DA:17,2
DA:19,1
DA:21,1
DA:28,1
DA:29,2
DA:31,1
DA:33,1
DA:40,1
DA:42,0
DA:44,0
LF:12
LH:9
end_of_record
SF:lib\shared\views\empty_view.dart
DA:6,28
DA:9,0
DA:11,0
DA:12,0
DA:14,0
DA:20,0
LF:6
LH:1
end_of_record
SF:lib\features\page_view\widgets\month_changer.dart
DA:8,0
DA:15,0
DA:16,0
DA:23,0
DA:25,0
DA:26,0
DA:27,0
DA:31,0
DA:33,0
DA:35,0
DA:36,0
DA:37,0
DA:38,0
DA:39,0
DA:40,0
DA:42,0
DA:43,0
DA:44,0
DA:45,0
DA:46,0
DA:47,0
DA:48,0
DA:49,0
DA:50,0
DA:51,0
DA:54,0
DA:55,0
DA:57,0
DA:58,0
DA:59,0
DA:60,0
DA:62,0
DA:64,0
DA:65,0
DA:66,0
DA:67,0
DA:72,0
DA:73,0
DA:74,0
DA:75,0
DA:76,0
DA:77,0
DA:78,0
DA:79,0
DA:80,0
LF:45
LH:0
end_of_record
SF:lib\features\page_view\statement\widgets\clickable_transaction_tile.dart
DA:13,0
DA:17,0
DA:19,0
DA:20,0
DA:21,0
DA:22,0
DA:23,0
DA:25,0
DA:39,0
DA:40,0
DA:41,0
DA:43,0
DA:44,0
DA:45,0
DA:46,0
DA:50,0
DA:58,0
DA:59,0
DA:60,0
DA:61,0
DA:63,0
DA:78,0
DA:79,0
DA:81,0
DA:82,0
DA:83,0
DA:84,0
LF:27
LH:0
end_of_record
SF:lib\features\page_view\statistics\models\section.dart
DA:4,0
LF:1
LH:0
end_of_record
SF:lib\features\page_view\statistics\statistics_controller.dart
DA:13,0
DA:14,0
DA:15,0
DA:18,0
DA:19,0
DA:21,0
DA:23,0
DA:27,0
DA:29,0
DA:30,0
DA:31,0
DA:32,0
DA:33,0
DA:34,0
DA:37,0
DA:40,0
DA:42,0
DA:43,0
DA:44,0
DA:45,0
DA:46,0
DA:47,0
DA:48,0
DA:53,0
DA:55,0
DA:56,0
DA:59,0
DA:61,0
LF:28
LH:0
end_of_record
SF:lib\features\page_view\statistics\statistics_states.dart
DA:14,0
DA:20,0
LF:2
LH:0
end_of_record
SF:lib\features\page_view\statistics\widgets\chart.dart
DA:10,0
DA:14,0
DA:16,0
DA:17,0
DA:19,0
DA:21,0
DA:22,0
DA:23,0
DA:24,0
DA:27,0
DA:28,0
DA:29,0
DA:30,0
DA:31,0
DA:32,0
DA:33,0
DA:35,0
DA:36,0
DA:39,0
DA:40,0
DA:45,0
DA:46,0
DA:47,0
DA:48,0
DA:49,0
DA:50,0
DA:51,0
DA:52,0
DA:54,0
DA:56,0
DA:57,0
DA:58,0
DA:63,0
DA:64,0
LF:34
LH:0
end_of_record
SF:lib\features\page_view\statistics\widgets\legend.dart
DA:7,0
DA:11,0
DA:13,0
DA:15,0
DA:16,0
DA:17,0
DA:18,0
DA:19,0
DA:20,0
DA:21,0
DA:22,0
DA:23,0
DA:24,0
DA:25,0
DA:26,0
DA:27,0
DA:28,0
DA:31,0
DA:32,0
DA:33,0
LF:20
LH:0
end_of_record
SF:lib\features\page_view\widgets\custom_circular_progress.dart
DA:4,14
DA:6,0
DA:7,0
DA:14,0
DA:16,0
DA:17,0
DA:20,0
DA:21,0
DA:23,0
DA:26,0
DA:28,0
DA:30,0
DA:31,0
DA:33,0
DA:35,0
DA:41,0
DA:43,0
DA:44,0
LF:18
LH:1
end_of_record
SF:lib\features\page_view\widgets\month_picker.dart
DA:5,0
DA:14,0
DA:16,0
DA:17,0
DA:18,0
DA:21,0
DA:22,0
DA:23,0
DA:31,0
DA:32,0
DA:33,0
DA:34,0
DA:36,0
DA:37,0
DA:38,0
DA:39,0
LF:16
LH:0
end_of_record
SF:lib\features\register\register_page.dart
DA:14,14
DA:16,0
DA:17,0
DA:36,0
DA:38,0
DA:39,0
DA:41,0
DA:42,0
DA:43,0
DA:44,0
DA:45,0
DA:46,0
DA:51,0
DA:53,0
DA:55,0
DA:58,0
DA:60,0
DA:61,0
DA:62,0
DA:68,0
DA:70,0
DA:71,0
DA:72,0
DA:74,0
DA:80,0
DA:81,0
DA:82,0
DA:83,0
DA:84,0
DA:86,0
DA:91,0
DA:92,0
DA:94,0
DA:95,0
DA:96,0
DA:104,0
DA:106,0
DA:107,0
DA:108,0
DA:110,0
DA:120,0
DA:122,0
DA:123,0
DA:124,0
DA:125,0
DA:126,0
DA:128,0
DA:133,0
DA:134,0
DA:135,0
DA:136,0
DA:137,0
DA:141,0
DA:142,0
DA:144,0
DA:145,0
DA:146,0
DA:149,0
DA:152,0
DA:155,0
DA:156,0
DA:157,0
DA:158,0
DA:159,0
DA:160,0
DA:161,0
DA:170,0
DA:172,0
DA:173,0
DA:174,0
DA:180,0
DA:181,0
DA:182,0
LF:73
LH:1
end_of_record
SF:lib\features\settings\settings_page.dart
DA:6,14
DA:8,0
DA:10,0
DA:11,0
DA:14,0
LF:5
LH:1
end_of_record
SF:lib\features\splash\splash.dart
DA:10,14
DA:12,0
DA:13,0
DA:20,0
DA:22,0
DA:23,0
DA:26,0
DA:28,0
DA:29,0
DA:30,0
DA:31,0
DA:33,0
DA:34,0
DA:36,0
DA:38,0
DA:39,0
DA:40,0
DA:41,0
DA:42,0
DA:43,0
DA:44,0
DA:45,0
DA:46,0
DA:47,0
LF:24
LH:1
end_of_record
SF:lib\features\register\register_controller.dart
DA:11,0
DA:15,0
DA:19,0
DA:22,0
DA:23,0
DA:25,0
DA:26,0
DA:27,0
DA:29,0
DA:31,0
DA:32,0
DA:33,0
DA:36,0
DA:37,0
DA:39,0
DA:41,0
DA:46,0
DA:47,0
DA:49,0
DA:51,0
DA:52,0
DA:53,0
DA:54,0
DA:57,0
DA:59,0
DA:61,0
DA:63,0
DA:64,0
DA:67,0
LF:29
LH:0
end_of_record
SF:lib\features\register\register_states.dart
DA:10,0
LF:1
LH:0
end_of_record
SF:lib\features\settings\settings_controller.dart
DA:11,0
DA:12,0
DA:15,0
DA:16,0
DA:18,0
DA:19,0
DA:20,0
DA:21,0
DA:23,0
DA:27,0
DA:28,0
DA:29,0
DA:32,0
DA:33,0
DA:34,0
DA:35,0
LF:16
LH:0
end_of_record
SF:lib\features\settings\settings_states.dart
DA:8,0
DA:14,0
LF:2
LH:0
end_of_record
SF:lib\features\settings\widgets\select_conf_bio.dart
DA:8,14
DA:12,0
DA:14,0
DA:16,0
DA:18,0
DA:19,0
DA:20,0
DA:21,0
DA:25,0
DA:26,0
DA:27,0
DA:28,0
DA:29,0
DA:30,0
DA:31,0
DA:33,0
DA:34,0
DA:35,0
DA:36,0
DA:42,0
DA:43,0
DA:44,0
LF:22
LH:1
end_of_record
SF:lib\features\splash\splash_controller.dart
DA:13,0
DA:16,0
DA:17,0
DA:18,0
DA:20,0
DA:22,0
DA:24,0
DA:25,0
DA:28,0
DA:29,0
DA:31,0
DA:33,0
DA:36,0
DA:41,0
DA:42,0
DA:53,0
DA:54,0
DA:55,0
LF:18
LH:0
end_of_record
SF:lib\shared\widgets\animated_logo.dart
DA:4,0
DA:8,0
DA:12,0
DA:13,0
DA:20,0
DA:22,0
DA:23,0
DA:28,0
DA:31,0
DA:33,0
DA:34,0
DA:35,0
DA:36,0
DA:37,0
DA:43,0
DA:45,0
DA:46,0
LF:17
LH:0
end_of_record
SF:lib\features\splash\widgets\app_progress.dart
DA:5,14
DA:7,0
DA:8,0
DA:15,0
DA:17,0
DA:18,0
DA:21,0
DA:22,0
DA:24,0
DA:27,0
DA:29,0
DA:31,0
DA:32,0
DA:34,0
DA:37,0
DA:43,0
DA:45,0
DA:46,0
LF:18
LH:1
end_of_record
SF:lib\firebase_options.dart
DA:18,0
DA:22,0
DA:23,0
DA:25,0
DA:27,0
DA:29,0
DA:30,0
DA:34,0
DA:35,0
DA:40,0
LF:10
LH:0
end_of_record
